<?xml version="1.0" encoding="UTF-8"?>
<!-- Generated by org.testng.reporters.JUnitXMLReporter -->
<testsuite hostname="SENTHILKUMAR" ignored="0" name="Default test" tests="3" failures="0" timestamp="2023-03-08T19:32:37 IST" time="0.091" errors="0">
  <testcase name="crendentils" time="0.009" classname="com.testng.Data_Provider"/>
  <testcase name="crendentils" time="0.001" classname="com.testng.Data_Provider"/>
  <testcase name="crendentils" time="0.002" classname="com.testng.Data_Provider"/>
</testsuite> <!-- Default test -->
