<?xml version="1.0" encoding="UTF-8"?>
<!-- Generated by org.testng.reporters.JUnitXMLReporter -->
<testsuite hostname="SENTHILKUMAR" ignored="1" name="Alltest" tests="5" failures="0" timestamp="2023-03-04T10:20:14 IST" time="0.076" errors="0">
  <testcase name="drug" time="0.011" classname="com.testng.Grouping_test"/>
  <testcase name="log" time="0.001" classname="com.testng.Grouping_test"/>
  <testcase name="pass" time="0.001" classname="com.testng.Grouping_test"/>
  <testcase name="plugi" time="0.001" classname="com.testng.Grouping_test"/>
  <testcase name="user" time="0.001" classname="com.testng.Grouping_test"/>
  <testcase name="hut" time="0.0" classname="com.testng.Grouping_test">
    <ignored/>
  </testcase> <!-- hut -->
</testsuite> <!-- Alltest -->
