<?xml version="1.0" encoding="UTF-8"?>
<testng-results skipped="0" failed="0" ignored="0" total="3" passed="3">
  <reporter-output>
  </reporter-output>
  <suite name="Default suite" duration-ms="91" started-at="2023-03-08T19:32:37 IST" finished-at="2023-03-08T19:32:37 IST">
    <groups>
    </groups>
    <test name="Default test" duration-ms="91" started-at="2023-03-08T19:32:37 IST" finished-at="2023-03-08T19:32:37 IST">
      <class name="com.testng.Data_Provider">
        <test-method status="PASS" signature="crendentils(java.lang.String,java.lang.String)[pri:0, instance:com.testng.Data_Provider@192d3247]" name="crendentils" duration-ms="9" started-at="2023-03-08T19:32:37 IST" data-provider="data" finished-at="2023-03-08T19:32:37 IST">
          <params>
            <param index="0">
              <value>
                <![CDATA[james]]>
              </value>
            </param>
            <param index="1">
              <value>
                <![CDATA[4567]]>
              </value>
            </param>
          </params>
          <reporter-output>
          </reporter-output>
        </test-method> <!-- crendentils -->
        <test-method status="PASS" signature="crendentils(java.lang.String,java.lang.String)[pri:0, instance:com.testng.Data_Provider@192d3247]" name="crendentils" duration-ms="1" started-at="2023-03-08T19:32:37 IST" data-provider="data" finished-at="2023-03-08T19:32:37 IST">
          <params>
            <param index="0">
              <value>
                <![CDATA[gosh]]>
              </value>
            </param>
            <param index="1">
              <value>
                <![CDATA[0987]]>
              </value>
            </param>
          </params>
          <reporter-output>
          </reporter-output>
        </test-method> <!-- crendentils -->
        <test-method status="PASS" signature="crendentils(java.lang.String,java.lang.String)[pri:0, instance:com.testng.Data_Provider@192d3247]" name="crendentils" duration-ms="2" started-at="2023-03-08T19:32:37 IST" data-provider="data" finished-at="2023-03-08T19:32:37 IST">
          <params>
            <param index="0">
              <value>
                <![CDATA[vicky]]>
              </value>
            </param>
            <param index="1">
              <value>
                <![CDATA[123]]>
              </value>
            </param>
          </params>
          <reporter-output>
          </reporter-output>
        </test-method> <!-- crendentils -->
      </class> <!-- com.testng.Data_Provider -->
    </test> <!-- Default test -->
  </suite> <!-- Default suite -->
</testng-results>
